{
  "RSpec": {
    "coverage": {
      "/Users/student/Documents/Projects/week6-makersbnb/Makersbnb--Lucky-Apocalypse/app/controllers/app_controller.rb": [
        1,
        1,
        1,
        null,
        null,
        1,
        1,
        null,
        null,
        1,
        null,
        null,
        1,
        null,
        1,
        7,
        18,
        null,
        1,
        null,
        1,
        3,
        null,
        null,
        1,
        2,
        null,
        null,
        1,
        1,
        null,
        null,
        null,
        1,
        null
      ],
      "/Users/student/Documents/Projects/week6-makersbnb/Makersbnb--Lucky-Apocalypse/lib/database_connection.rb": [
        1,
        null,
        1,
        1,
        1,
        1,
        null,
        null,
        1,
        0,
        null,
        0,
        null,
        0,
        null,
        0,
        null,
        0,
        null,
        null,
        1,
        null,
        1,
        1,
        1,
        0,
        0,
        null,
        0,
        null,
        null,
        null
      ],
      "/Users/student/Documents/Projects/week6-makersbnb/Makersbnb--Lucky-Apocalypse/spec/backend/feature/create_listing_spec.rb": [
        1,
        1,
        1,
        1,
        1,
        1,
        null,
        null,
        1,
        1,
        1,
        1,
        1,
        1,
        1,
        null,
        null
      ],
      "/Users/student/Documents/Projects/week6-makersbnb/Makersbnb--Lucky-Apocalypse/spec/backend/feature/infastructure_spec.rb": [
        1,
        1,
        1,
        1,
        null,
        null
      ]
    },
    "timestamp": 1580138943
  }
}
