{
  "RSpec": {
    "coverage": {
      "/Users/asiaellis/Projects/Makersbnb--Lucky-Apocalypse/app/controllers/app_controller.rb": [
        1,
        1,
        1,
        null,
        null,
        1,
        1,
        null,
        null,
        1,
        1,
        null,
        null,
        1,
        null,
        1,
        8,
        21,
        null,
        1,
        1,
        null,
        1,
        4,
        4,
        null,
        null,
        1,
        2,
        null,
        null,
        1,
        1,
        null,
        null,
        null,
        1,
        null
      ],
      "/Users/asiaellis/Projects/Makersbnb--Lucky-Apocalypse/lib/database_connection.rb": [
        1,
        null,
        1,
        4,
        4,
        4,
        null,
        null,
        1,
        7,
        null,
        7,
        null,
        1,
        null,
        7,
        null,
        7,
        null,
        null,
        1,
        null,
        1,
        4,
        null,
        null
      ],
      "/Users/asiaellis/Projects/Makersbnb--Lucky-Apocalypse/app/models/listing.rb": [
        1,
        null,
        1,
        null,
        1,
        5,
        5,
        5,
        5,
        null,
        null,
        1,
        2,
        null,
        null,
        1,
        5,
        null,
        10,
        null,
        null
      ],
      "/Users/asiaellis/Projects/Makersbnb--Lucky-Apocalypse/spec/backend/feature/create_listing_spec.rb": [
        1,
        1,
        1,
        1,
        1,
        1,
        null,
        null,
        1,
        1,
        1,
        1,
        1,
        1,
        1,
        null,
        null
      ],
      "/Users/asiaellis/Projects/Makersbnb--Lucky-Apocalypse/spec/backend/feature/infastructure_spec.rb": [
        1,
        1,
        1,
        1,
        null,
        null
      ],
      "/Users/asiaellis/Projects/Makersbnb--Lucky-Apocalypse/spec/backend/feature/show_listings_spec.rb": [
        1,
        1,
        1,
        1,
        1,
        null,
        null
      ],
      "/Users/asiaellis/Projects/Makersbnb--Lucky-Apocalypse/spec/backend/unit/database_connection_spec.rb": [
        1,
        null,
        1,
        2,
        1,
        3,
        null,
        1,
        1,
        1,
        null,
        null,
        1,
        1,
        1,
        null,
        1,
        2,
        null,
        null,
        null,
        null,
        null,
        null,
        null,
        null
      ],
      "/Users/asiaellis/Projects/Makersbnb--Lucky-Apocalypse/spec/backend/unit/listing_spec.rb": [
        1,
        null,
        1,
        null,
        2,
        null,
        1,
        1,
        null,
        null,
        1,
        1,
        1,
        null,
        null,
        null
      ]
    },
    "timestamp": 1580140672
  }
}
